OpenROAD v2.0-25794-g7cbd77e248 
Features included (+) or not (-): +GPU +GUI +Python
This program is licensed under the BSD-3 license. See the LICENSE file for details.
Components of this program may be licensed under more restrictive licenses which must be honored.
[INFO ORD-0030] Using 2 thread(s).
read_liberty /workspaces/vsd-pd/OpenROAD-flow-scripts/flow/platforms/sky130hd/lib/sky130_fd_sc_hd__tt_025C_1v80.lib
read_db ./results/sky130hd/vsdbabysoc/base/2_floorplan.odb
global_placement -skip_io -density 0.6 -pad_left 0 -pad_right 0
[INFO GPL-0005] Execute conjugate gradient initial placement.
[INFO GPL-0002] DBU: 1000
[INFO GPL-0003] SiteSize: (  0.460  2.720 ) um
[INFO GPL-0004] CoreBBox: ( 20.240 21.760 ) ( 1989.960 1988.320 ) um
[INFO GPL-0006] Number of instances:             51106
[INFO GPL-0007] Movable instances:                6011
[INFO GPL-0008] Fixed instances:                 42543
[INFO GPL-0009] Dummy instances:                  2552
[INFO GPL-0010] Number of nets:                   6123
[INFO GPL-0011] Number of pins:                  21871
[INFO GPL-0012] Die BBox:  (  0.000  0.000 ) ( 2000.000 2000.000 ) um
[INFO GPL-0013] Core BBox: ( 20.240 21.760 ) ( 1989.960 1988.320 ) um
[INFO GPL-0016] Core area:                  3873572.563 um^2
[INFO GPL-0017] Fixed instances area:       883165.776 um^2
[INFO GPL-0018] Movable instances area:      50614.794 um^2
[INFO GPL-0019] Utilization:                     1.693 %
[INFO GPL-0020] Standard cells area:         50614.794 um^2
[INFO GPL-0021] Large instances area:            0.000 um^2
[INFO GPL-0023] Placement target density:       0.6000
[INFO GPL-0024] Movable insts average area:      8.420 um^2
[INFO GPL-0025] Ideal bin area:                 14.034 um^2
[INFO GPL-0026] Ideal bin count:                276014
[INFO GPL-0027] Total bin area:             3873572.563 um^2
[INFO GPL-0028] Bin count (X, Y):         512 ,    512
[INFO GPL-0029] Bin size (W * H):       3.847 *  3.841 um
[INFO GPL-0030] Number of bins:                 262144
[INFO GPL-0007] Execute nesterov global placement.
[INFO GPL-0031] HPWL: Half-Perimeter Wirelength
Iteration | Overflow |     HPWL (um) |  HPWL(%) |   Penalty | Group
---------------------------------------------------------------
        0 |   0.9940 |  2.882527e+04 |   +0.00% |  1.32e-16 |      
       10 |   0.9712 |  2.541286e+04 |  -11.84% |  2.14e-16 |      
       20 |   0.9673 |  2.699735e+04 |   +6.23% |  3.49e-16 |      
       30 |   0.9686 |  2.693603e+04 |   -0.23% |  5.69e-16 |      
       40 |   0.9684 |  2.716512e+04 |   +0.85% |  9.27e-16 |      
       50 |   0.9693 |  2.736752e+04 |   +0.75% |  1.51e-15 |      
       60 |   0.9688 |  2.755011e+04 |   +0.67% |  2.46e-15 |      
       70 |   0.9685 |  2.775960e+04 |   +0.76% |  4.00e-15 |      
       80 |   0.9683 |  2.785021e+04 |   +0.33% |  6.52e-15 |      
       90 |   0.9682 |  2.787419e+04 |   +0.09% |  1.06e-14 |      
      100 |   0.9679 |  2.791849e+04 |   +0.16% |  1.73e-14 |      
      110 |   0.9679 |  2.794735e+04 |   +0.10% |  2.82e-14 |      
      120 |   0.9677 |  2.793893e+04 |   -0.03% |  4.59e-14 |      
      130 |   0.9679 |  2.792413e+04 |   -0.05% |  7.48e-14 |      
      140 |   0.9677 |  2.795072e+04 |   +0.10% |  1.22e-13 |      
      150 |   0.9675 |  2.809450e+04 |   +0.51% |  1.98e-13 |      
      160 |   0.9669 |  2.848787e+04 |   +1.40% |  3.23e-13 |      
      170 |   0.9658 |  2.940853e+04 |   +3.23% |  5.26e-13 |      
      180 |   0.9634 |  3.124664e+04 |   +6.25% |  8.57e-13 |      
      190 |   0.9586 |  3.506385e+04 |  +12.22% |  1.40e-12 |      
      200 |   0.9525 |  4.190727e+04 |  +19.52% |  2.27e-12 |      
      210 |   0.9404 |  5.603236e+04 |  +33.71% |  3.70e-12 |      
      220 |   0.9180 |  9.634223e+04 |  +71.94% |  6.00e-12 |      
      230 |   0.8809 |  1.988438e+05 | +106.39% |  9.67e-12 |      
      240 |   0.8436 |  3.027432e+05 |  +52.25% |  1.56e-11 |      
      250 |   0.8501 |  2.592674e+05 |  -14.36% |  2.53e-11 |      
      260 |   0.8298 |  1.990170e+05 |  -23.24% |  4.12e-11 |      
      270 |   0.7695 |  3.294177e+05 |  +65.52% |  6.63e-11 |      
      280 |   0.7790 |  3.022578e+05 |   -8.24% |  1.07e-10 |      
      290 |   0.7046 |  3.135780e+05 |   +3.75% |  1.75e-10 |      
      300 |   0.7182 |  2.356568e+05 |  -24.85% |  2.83e-10 |      
      310 |   0.6475 |  2.853125e+05 |  +21.07% |  4.55e-10 |      
      320 |   0.6164 |  2.831504e+05 |   -0.76% |  7.36e-10 |      
      330 |   0.5650 |  2.484318e+05 |  -12.26% |  1.19e-09 |      
      340 |   0.5235 |  2.235722e+05 |  -10.01% |  1.94e-09 |      
      350 |   0.4605 |  2.154030e+05 |   -3.65% |  3.15e-09 |      
      360 |   0.4198 |  1.973622e+05 |   -8.38% |  5.13e-09 |      
      370 |   0.3797 |  1.813252e+05 |   -8.13% |  8.35e-09 |      
      380 |   0.3459 |  1.677681e+05 |   -7.48% |  1.33e-08 |      
      390 |   0.3133 |  1.563573e+05 |   -6.80% |  1.96e-08 |      
      400 |   0.2860 |  1.458456e+05 |   -6.72% |  2.89e-08 |      
      410 |   0.2593 |  1.358391e+05 |   -6.86% |  4.26e-08 |      
      420 |   0.2322 |  1.289802e+05 |   -5.05% |  6.28e-08 |      
      430 |   0.2122 |  1.266624e+05 |   -1.80% |  9.25e-08 |      
      440 |   0.1955 |  1.104224e+05 |  -12.82% |  1.36e-07 |      
      450 |   0.1700 |  1.103397e+05 |   -0.07% |  2.01e-07 |      
      460 |   0.1513 |  1.106414e+05 |   +0.27% |  2.96e-07 |      
      470 |   0.1360 |  1.108704e+05 |   +0.21% |  4.36e-07 |      
      480 |   0.1209 |  1.111304e+05 |   +0.23% |  6.42e-07 |      
      490 |   0.1087 |  1.114718e+05 |   +0.31% |  9.45e-07 |      
      498 |   0.0989 |  1.117697e+05 |          |  1.34e-06 |      
---------------------------------------------------------------
[INFO GPL-1001] Global placement finished at iteration 498
[INFO GPL-1002] Placed Cell Area            50614.7936
[INFO GPL-1003] Available Free Area         2990406.7872
[INFO GPL-1004] Minimum Feasible Density        0.0200 (cell_area / free_area)
[INFO GPL-1006]   Suggested Target Densities:
[INFO GPL-1007]     - For 90% usage of free space: 0.0188
[INFO GPL-1008]     - For 80% usage of free space: 0.0212
[INFO GPL-1009]     - For 50% usage of free space: 0.0339
[INFO GPL-1014] Final placement area: 50614.79 (+0.00%)
Took 58 seconds: global_placement -skip_io -density 0.6 -pad_left 0 -pad_right 0
Elapsed time: 0:59.40[h:]min:sec. CPU time: user 72.38 sys 0.30 (122%). Peak memory: 262892KB.
Log                        Elapsed/s Peak Memory/MB  sha1sum .odb [0:20)
3_1_place_gp_skip_io              59            256 0b13674d7b35e4e415d1
