OpenROAD v2.0-25794-g7cbd77e248 
Features included (+) or not (-): +GPU +GUI +Python
This program is licensed under the BSD-3 license. See the LICENSE file for details.
Components of this program may be licensed under more restrictive licenses which must be honored.
[INFO ORD-0030] Using 2 thread(s).
read_liberty /workspaces/vsd-pd/OpenROAD-flow-scripts/flow/platforms/sky130hd/lib/sky130_fd_sc_hd__tt_025C_1v80.lib
read_db ./results/sky130hd/vsdbabysoc/base/3_3_place_gp.odb
Perform buffer insertion and gate resizing...
repair_design -verbose -match_cell_footprint
Iteration |   Area    | Resized | Buffers | Nets repaired | Remaining
---------------------------------------------------------------------
        0 |     +0.0% |       0 |       0 |             0 |      6337
     1000 |     +0.0% |       0 |       0 |             0 |      5337
     2000 |     +0.0% |       0 |       0 |             0 |      4337
     3000 |     +0.0% |       0 |       0 |             0 |      3337
     4000 |     +0.0% |       0 |       0 |             0 |      2337
     5000 |     +0.0% |       0 |       0 |             0 |      1337
     6000 |     +0.0% |       0 |       0 |             0 |       337
    final |     +0.0% |       0 |       0 |             0 |         0
---------------------------------------------------------------------
Floating nets: 
Report metrics stage 3, resizer...

==========================================================================
resizer report_design_area
--------------------------------------------------------------------------
Design area 724148 um^2 19% utilization.
Instance count before 48764, after 48764
Pin count before 22295, after 22295
Elapsed time: 0:05.61[h:]min:sec. CPU time: user 5.31 sys 0.82 (109%). Peak memory: 199404KB.
Log                        Elapsed/s Peak Memory/MB  sha1sum .odb [0:20)
3_4_place_resized                  5            194 dd1e0e6a188976e4ce1f
