OpenROAD v2.0-25794-g7cbd77e248 
Features included (+) or not (-): +GPU +GUI +Python
This program is licensed under the BSD-3 license. See the LICENSE file for details.
Components of this program may be licensed under more restrictive licenses which must be honored.
[INFO ORD-0030] Using 2 thread(s).
read_liberty /workspaces/vsd-pd/OpenROAD-flow-scripts/flow/platforms/sky130hd/lib/sky130_fd_sc_hd__tt_025C_1v80.lib
read_db ./results/sky130hd/vsdbabysoc/base/3_4_place_resized.odb
Placement Analysis
---------------------------------
total displacement      10625.2 u
average displacement        0.2 u
max displacement            5.8 u
original HPWL          156682.5 u
legalized HPWL         164943.5 u
delta HPWL                    5 %

Detailed placement improvement.
[INFO DPL-0401] Setting random seed to 1.
[INFO DPL-0402] Setting maximum displacement 5 1 to 13600 2720 units.
[INFO DPL-0320] Collected 42766 fixed cells.
[INFO DPL-0318] Collected 6221 single height cells.
[INFO DPL-0321] Collected 0 wide cells.
[INFO DPL-0322] Image (20240, 21760) - (1989960, 1988320)
[INFO DPL-0310] Assigned 6221 cells into segments.  Movement in X-direction is 0.000000, movement in Y-direction is 0.000000.
[INFO DPL-0313] Found 0 cells in wrong regions.
[INFO DPL-0315] Found 0 row alignment problems.
[INFO DPL-0314] Found 0 site alignment problems.
[INFO DPL-0311] Found 0 overlaps between adjacent cells.
[INFO DPL-0312] Found 0 edge spacing violations and 0 padding violations.
[INFO DPL-0303] Running algorithm for independent set matching.
[INFO DPL-0300] Set matching objective is wirelength.
[INFO DPL-0301] Pass   1 of matching; objective is 1.589925e+08.
[INFO DPL-0302] End of matching; objective is 1.589871e+08, improvement is 0.00 percent.
[INFO DPL-0303] Running algorithm for global swaps.
[INFO DPL-0306] Pass   1 of global swaps; hpwl is 1.563227e+08.
[INFO DPL-0306] Pass   2 of global swaps; hpwl is 1.557937e+08.
[INFO DPL-0307] End of global swaps; objective is 1.557937e+08, improvement is 2.01 percent.
[INFO DPL-0303] Running algorithm for vertical swaps.
[INFO DPL-0308] Pass   1 of vertical swaps; hpwl is 1.552584e+08.
[INFO DPL-0309] End of vertical swaps; objective is 1.552584e+08, improvement is 0.34 percent.
[INFO DPL-0303] Running algorithm for reordering.
[INFO DPL-0304] Pass   1 of reordering; objective is 1.551762e+08.
[INFO DPL-0305] End of reordering; objective is 1.551762e+08, improvement is 0.05 percent.
[INFO DPL-0303] Running algorithm for random improvement.
[INFO DPL-0324] Random improver is using random generator.
[INFO DPL-0325] Random improver is using hpwl objective.
[INFO DPL-0326] Random improver cost string is (a).
[INFO DPL-0332] End of pass, Generator random called 124420 times.
[INFO DPL-0335] Generator random, Cumulative attempts 124420, swaps 14347, moves 38703 since last reset.
[INFO DPL-0333] End of pass, Objective hpwl, Initial cost 1.525878e+08, Scratch cost 1.509874e+08, Incremental cost 1.509874e+08, Mismatch? N
[INFO DPL-0338] End of pass, Total cost is 1.509874e+08.
[INFO DPL-0327] Pass   1 of random improver; improvement in cost is 1.05 percent.
[INFO DPL-0332] End of pass, Generator random called 124420 times.
[INFO DPL-0335] Generator random, Cumulative attempts 248840, swaps 28111, moves 76953 since last reset.
[INFO DPL-0333] End of pass, Objective hpwl, Initial cost 1.509874e+08, Scratch cost 1.503489e+08, Incremental cost 1.503489e+08, Mismatch? N
[INFO DPL-0338] End of pass, Total cost is 1.503489e+08.
[INFO DPL-0327] Pass   2 of random improver; improvement in cost is 0.42 percent.
[INFO DPL-0328] End of random improver; improvement is 1.467344 percent.
[INFO DPL-0380] Cell flipping.
[INFO DPL-0382] Changed 0 cell orientations for row compatibility.
[INFO DPL-0383] Performed 1574 cell flips.
[INFO DPL-0384] End of flipping; objective is 1.506502e+08, improvement is 1.50 percent.
[INFO DPL-0313] Found 0 cells in wrong regions.
[INFO DPL-0315] Found 0 row alignment problems.
[INFO DPL-0314] Found 0 site alignment problems.
[INFO DPL-0311] Found 0 overlaps between adjacent cells.
[INFO DPL-0312] Found 0 edge spacing violations and 0 padding violations.
Detailed Improvement Results
------------------------------------------
Original HPWL           164943.5 u (   76306.0,    88637.5)
Final HPWL              156642.2 u (   71439.8,    85202.4)
Delta HPWL                  -5.0 % (      -6.4,       -3.9)

[INFO DPL-0020] Mirrored 215 instances
[INFO DPL-0021] HPWL before          156642.2 u
[INFO DPL-0022] HPWL after           156570.4 u
[INFO DPL-0023] HPWL delta               -0.0 %
[INFO FLW-0012] Placement violations .
Report metrics stage 3, detailed place...

==========================================================================
detailed place report_design_area
--------------------------------------------------------------------------
Design area 724148 um^2 19% utilization.
Elapsed time: 0:07.79[h:]min:sec. CPU time: user 7.26 sys 0.83 (104%). Peak memory: 314200KB.
Log                        Elapsed/s Peak Memory/MB  sha1sum .odb [0:20)
3_5_place_dp                       7            306 6d5c1eaed22a957771fc
