
==========================================================================
detailed place report_tns
--------------------------------------------------------------------------
tns max 0.00

==========================================================================
detailed place report_wns
--------------------------------------------------------------------------
wns max 0.00

==========================================================================
detailed place report_worst_slack
--------------------------------------------------------------------------
worst slack max 6.16

==========================================================================
detailed place report_clock_min_period
--------------------------------------------------------------------------
clk period_min = 4.84 fmax = 206.59

==========================================================================
detailed place report_checks -path_delay min
--------------------------------------------------------------------------
Startpoint: core.CPU_reset_a2$_DFF_P_
            (rising edge-triggered flip-flop clocked by clk)
Endpoint: core.CPU_reset_a3$_DFF_P_
          (rising edge-triggered flip-flop clocked by clk)
Path Group: clk
Path Type: min

Fanout     Cap    Slew   Delay    Time   Description
-----------------------------------------------------------------------------
                  0.00    0.00    0.00   clock clk (rise edge)
                          0.00    0.00   clock network delay (ideal)
                  0.00    0.00    0.00 ^ core.CPU_reset_a2$_DFF_P_/CLK (sky130_fd_sc_hd__dfxtp_1)
     1    0.00    0.03    0.28    0.28 ^ core.CPU_reset_a2$_DFF_P_/Q (sky130_fd_sc_hd__dfxtp_1)
                                         core.CPU_reset_a2 (net)
                  0.03    0.00    0.28 ^ core.CPU_reset_a3$_DFF_P_/D (sky130_fd_sc_hd__dfxtp_4)
                                  0.28   data arrival time

                  0.00    0.00    0.00   clock clk (rise edge)
                          0.00    0.00   clock network delay (ideal)
                          0.00    0.00   clock reconvergence pessimism
                                  0.00 ^ core.CPU_reset_a3$_DFF_P_/CLK (sky130_fd_sc_hd__dfxtp_4)
                         -0.03   -0.03   library hold time
                                 -0.03   data required time
-----------------------------------------------------------------------------
                                 -0.03   data required time
                                 -0.28   data arrival time
-----------------------------------------------------------------------------
                                  0.31   slack (MET)



==========================================================================
detailed place report_checks -path_delay max
--------------------------------------------------------------------------
Startpoint: core.CPU_imm_a3[0]$_DFF_P_
            (rising edge-triggered flip-flop clocked by clk)
Endpoint: core.CPU_Xreg_value_a4[17][30]$_SDFFE_PP0P_
          (rising edge-triggered flip-flop clocked by clk)
Path Group: clk
Path Type: max

Fanout     Cap    Slew   Delay    Time   Description
-----------------------------------------------------------------------------
                  0.00    0.00    0.00   clock clk (rise edge)
                          0.00    0.00   clock network delay (ideal)
                  0.00    0.00    0.00 ^ core.CPU_imm_a3[0]$_DFF_P_/CLK (sky130_fd_sc_hd__dfxtp_1)
     4    0.02    0.21    0.41    0.41 ^ core.CPU_imm_a3[0]$_DFF_P_/Q (sky130_fd_sc_hd__dfxtp_1)
                                         core.CPU_imm_a3[0] (net)
                  0.21    0.00    0.41 ^ _10797_/A (sky130_fd_sc_hd__ha_1)
     3    0.01    0.14    0.25    0.66 ^ _10797_/COUT (sky130_fd_sc_hd__ha_1)
                                         _00000_ (net)
                  0.14    0.00    0.66 ^ _10784_/CIN (sky130_fd_sc_hd__fa_1)
     2    0.01    0.11    0.23    0.89 ^ _10784_/COUT (sky130_fd_sc_hd__fa_1)
                                         _00001_ (net)
                  0.11    0.00    0.89 ^ _07539_/A1 (sky130_fd_sc_hd__a31oi_1)
     4    0.02    0.19    0.17    1.06 v _07539_/Y (sky130_fd_sc_hd__a31oi_1)
                                         _02631_ (net)
                  0.19    0.00    1.06 v _07732_/B1 (sky130_fd_sc_hd__a221oi_1)
     2    0.02    0.61    0.59    1.65 ^ _07732_/Y (sky130_fd_sc_hd__a221oi_1)
                                         _02820_ (net)
                  0.61    0.00    1.65 ^ _08125_/A1 (sky130_fd_sc_hd__a211oi_1)
     2    0.01    0.16    0.20    1.85 v _08125_/Y (sky130_fd_sc_hd__a211oi_1)
                                         _03204_ (net)
                  0.16    0.00    1.85 v _08290_/A2 (sky130_fd_sc_hd__a211oi_1)
     4    0.03    0.83    0.76    2.61 ^ _08290_/Y (sky130_fd_sc_hd__a211oi_1)
                                         _03365_ (net)
                  0.83    0.00    2.61 ^ _08496_/A2 (sky130_fd_sc_hd__a31oi_1)
     1    0.01    0.17    0.22    2.83 v _08496_/Y (sky130_fd_sc_hd__a31oi_1)
                                         _03566_ (net)
                  0.17    0.00    2.83 v _08497_/B (sky130_fd_sc_hd__xnor2_1)
     3    0.01    0.32    0.34    3.16 ^ _08497_/Y (sky130_fd_sc_hd__xnor2_1)
                                         _03567_ (net)
                  0.32    0.00    3.16 ^ _08505_/A1 (sky130_fd_sc_hd__a22oi_1)
     1    0.02    0.17    0.23    3.40 v _08505_/Y (sky130_fd_sc_hd__a22oi_1)
                                         _03575_ (net)
                  0.17    0.00    3.40 v _08506_/C1 (sky130_fd_sc_hd__a211oi_1)
     2    0.02    0.70    0.60    4.00 ^ _08506_/Y (sky130_fd_sc_hd__a211oi_1)
                                         _03576_ (net)
                  0.70    0.00    4.00 ^ _08510_/A2 (sky130_fd_sc_hd__a21oi_1)
     1    0.02    0.21    0.28    4.29 v _08510_/Y (sky130_fd_sc_hd__a21oi_1)
                                         _03580_ (net)
                  0.21    0.00    4.29 v place257/A (sky130_fd_sc_hd__buf_4)
    11    0.05    0.08    0.26    4.55 v place257/X (sky130_fd_sc_hd__buf_4)
                                         net256 (net)
                  0.08    0.00    4.55 v _08965_/A1 (sky130_fd_sc_hd__a211oi_1)
     1    0.00    0.18    0.20    4.75 ^ _08965_/Y (sky130_fd_sc_hd__a211oi_1)
                                         _00871_ (net)
                  0.18    0.00    4.75 ^ core.CPU_Xreg_value_a4[17][30]$_SDFFE_PP0P_/D (sky130_fd_sc_hd__dfxtp_1)
                                  4.75   data arrival time

                  0.00   11.00   11.00   clock clk (rise edge)
                          0.00   11.00   clock network delay (ideal)
                          0.00   11.00   clock reconvergence pessimism
                                 11.00 ^ core.CPU_Xreg_value_a4[17][30]$_SDFFE_PP0P_/CLK (sky130_fd_sc_hd__dfxtp_1)
                         -0.09   10.91   library setup time
                                 10.91   data required time
-----------------------------------------------------------------------------
                                 10.91   data required time
                                 -4.75   data arrival time
-----------------------------------------------------------------------------
                                  6.16   slack (MET)



==========================================================================
detailed place report_checks -unconstrained
--------------------------------------------------------------------------
Startpoint: core.CPU_imm_a3[0]$_DFF_P_
            (rising edge-triggered flip-flop clocked by clk)
Endpoint: core.CPU_Xreg_value_a4[17][30]$_SDFFE_PP0P_
          (rising edge-triggered flip-flop clocked by clk)
Path Group: clk
Path Type: max

Fanout     Cap    Slew   Delay    Time   Description
-----------------------------------------------------------------------------
                  0.00    0.00    0.00   clock clk (rise edge)
                          0.00    0.00   clock network delay (ideal)
                  0.00    0.00    0.00 ^ core.CPU_imm_a3[0]$_DFF_P_/CLK (sky130_fd_sc_hd__dfxtp_1)
     4    0.02    0.21    0.41    0.41 ^ core.CPU_imm_a3[0]$_DFF_P_/Q (sky130_fd_sc_hd__dfxtp_1)
                                         core.CPU_imm_a3[0] (net)
                  0.21    0.00    0.41 ^ _10797_/A (sky130_fd_sc_hd__ha_1)
     3    0.01    0.14    0.25    0.66 ^ _10797_/COUT (sky130_fd_sc_hd__ha_1)
                                         _00000_ (net)
                  0.14    0.00    0.66 ^ _10784_/CIN (sky130_fd_sc_hd__fa_1)
     2    0.01    0.11    0.23    0.89 ^ _10784_/COUT (sky130_fd_sc_hd__fa_1)
                                         _00001_ (net)
                  0.11    0.00    0.89 ^ _07539_/A1 (sky130_fd_sc_hd__a31oi_1)
     4    0.02    0.19    0.17    1.06 v _07539_/Y (sky130_fd_sc_hd__a31oi_1)
                                         _02631_ (net)
                  0.19    0.00    1.06 v _07732_/B1 (sky130_fd_sc_hd__a221oi_1)
     2    0.02    0.61    0.59    1.65 ^ _07732_/Y (sky130_fd_sc_hd__a221oi_1)
                                         _02820_ (net)
                  0.61    0.00    1.65 ^ _08125_/A1 (sky130_fd_sc_hd__a211oi_1)
     2    0.01    0.16    0.20    1.85 v _08125_/Y (sky130_fd_sc_hd__a211oi_1)
                                         _03204_ (net)
                  0.16    0.00    1.85 v _08290_/A2 (sky130_fd_sc_hd__a211oi_1)
     4    0.03    0.83    0.76    2.61 ^ _08290_/Y (sky130_fd_sc_hd__a211oi_1)
                                         _03365_ (net)
                  0.83    0.00    2.61 ^ _08496_/A2 (sky130_fd_sc_hd__a31oi_1)
     1    0.01    0.17    0.22    2.83 v _08496_/Y (sky130_fd_sc_hd__a31oi_1)
                                         _03566_ (net)
                  0.17    0.00    2.83 v _08497_/B (sky130_fd_sc_hd__xnor2_1)
     3    0.01    0.32    0.34    3.16 ^ _08497_/Y (sky130_fd_sc_hd__xnor2_1)
                                         _03567_ (net)
                  0.32    0.00    3.16 ^ _08505_/A1 (sky130_fd_sc_hd__a22oi_1)
     1    0.02    0.17    0.23    3.40 v _08505_/Y (sky130_fd_sc_hd__a22oi_1)
                                         _03575_ (net)
                  0.17    0.00    3.40 v _08506_/C1 (sky130_fd_sc_hd__a211oi_1)
     2    0.02    0.70    0.60    4.00 ^ _08506_/Y (sky130_fd_sc_hd__a211oi_1)
                                         _03576_ (net)
                  0.70    0.00    4.00 ^ _08510_/A2 (sky130_fd_sc_hd__a21oi_1)
     1    0.02    0.21    0.28    4.29 v _08510_/Y (sky130_fd_sc_hd__a21oi_1)
                                         _03580_ (net)
                  0.21    0.00    4.29 v place257/A (sky130_fd_sc_hd__buf_4)
    11    0.05    0.08    0.26    4.55 v place257/X (sky130_fd_sc_hd__buf_4)
                                         net256 (net)
                  0.08    0.00    4.55 v _08965_/A1 (sky130_fd_sc_hd__a211oi_1)
     1    0.00    0.18    0.20    4.75 ^ _08965_/Y (sky130_fd_sc_hd__a211oi_1)
                                         _00871_ (net)
                  0.18    0.00    4.75 ^ core.CPU_Xreg_value_a4[17][30]$_SDFFE_PP0P_/D (sky130_fd_sc_hd__dfxtp_1)
                                  4.75   data arrival time

                  0.00   11.00   11.00   clock clk (rise edge)
                          0.00   11.00   clock network delay (ideal)
                          0.00   11.00   clock reconvergence pessimism
                                 11.00 ^ core.CPU_Xreg_value_a4[17][30]$_SDFFE_PP0P_/CLK (sky130_fd_sc_hd__dfxtp_1)
                         -0.09   10.91   library setup time
                                 10.91   data required time
-----------------------------------------------------------------------------
                                 10.91   data required time
                                 -4.75   data arrival time
-----------------------------------------------------------------------------
                                  6.16   slack (MET)



==========================================================================
detailed place report_check_types -max_slew -max_cap -max_fanout -violators
--------------------------------------------------------------------------

==========================================================================
detailed place max_slew_check_slack
--------------------------------------------------------------------------
0.06276046484708786

==========================================================================
detailed place max_slew_check_limit
--------------------------------------------------------------------------
1.4979510307312012

==========================================================================
detailed place max_slew_check_slack_limit
--------------------------------------------------------------------------
0.0419

==========================================================================
detailed place max_fanout_check_slack
--------------------------------------------------------------------------
1.0000000150474662e+30

==========================================================================
detailed place max_fanout_check_limit
--------------------------------------------------------------------------
1.0000000150474662e+30

==========================================================================
detailed place max_capacitance_check_slack
--------------------------------------------------------------------------
0.00582900969311595

==========================================================================
detailed place max_capacitance_check_limit
--------------------------------------------------------------------------
0.1620579957962036

==========================================================================
detailed place max_capacitance_check_slack_limit
--------------------------------------------------------------------------
0.0360

==========================================================================
detailed place max_slew_violation_count
--------------------------------------------------------------------------
max slew violation count 0

==========================================================================
detailed place max_fanout_violation_count
--------------------------------------------------------------------------
max fanout violation count 0

==========================================================================
detailed place max_cap_violation_count
--------------------------------------------------------------------------
max cap violation count 0

==========================================================================
detailed place setup_violation_count
--------------------------------------------------------------------------
setup violation count 0

==========================================================================
detailed place hold_violation_count
--------------------------------------------------------------------------
hold violation count 0

==========================================================================
detailed place report_checks -path_delay max reg to reg
--------------------------------------------------------------------------
Startpoint: core.CPU_imm_a3[0]$_DFF_P_
            (rising edge-triggered flip-flop clocked by clk)
Endpoint: core.CPU_Xreg_value_a4[17][30]$_SDFFE_PP0P_
          (rising edge-triggered flip-flop clocked by clk)
Path Group: clk
Path Type: max

  Delay    Time   Description
---------------------------------------------------------
   0.00    0.00   clock clk (rise edge)
   0.00    0.00   clock network delay (ideal)
   0.00    0.00 ^ core.CPU_imm_a3[0]$_DFF_P_/CLK (sky130_fd_sc_hd__dfxtp_1)
   0.41    0.41 ^ core.CPU_imm_a3[0]$_DFF_P_/Q (sky130_fd_sc_hd__dfxtp_1)
   0.25    0.66 ^ _10797_/COUT (sky130_fd_sc_hd__ha_1)
   0.23    0.89 ^ _10784_/COUT (sky130_fd_sc_hd__fa_1)
   0.17    1.06 v _07539_/Y (sky130_fd_sc_hd__a31oi_1)
   0.59    1.65 ^ _07732_/Y (sky130_fd_sc_hd__a221oi_1)
   0.20    1.85 v _08125_/Y (sky130_fd_sc_hd__a211oi_1)
   0.76    2.61 ^ _08290_/Y (sky130_fd_sc_hd__a211oi_1)
   0.22    2.83 v _08496_/Y (sky130_fd_sc_hd__a31oi_1)
   0.34    3.16 ^ _08497_/Y (sky130_fd_sc_hd__xnor2_1)
   0.23    3.40 v _08505_/Y (sky130_fd_sc_hd__a22oi_1)
   0.60    4.00 ^ _08506_/Y (sky130_fd_sc_hd__a211oi_1)
   0.29    4.29 v _08510_/Y (sky130_fd_sc_hd__a21oi_1)
   0.26    4.55 v place257/X (sky130_fd_sc_hd__buf_4)
   0.20    4.75 ^ _08965_/Y (sky130_fd_sc_hd__a211oi_1)
   0.00    4.75 ^ core.CPU_Xreg_value_a4[17][30]$_SDFFE_PP0P_/D (sky130_fd_sc_hd__dfxtp_1)
           4.75   data arrival time

  11.00   11.00   clock clk (rise edge)
   0.00   11.00   clock network delay (ideal)
   0.00   11.00   clock reconvergence pessimism
          11.00 ^ core.CPU_Xreg_value_a4[17][30]$_SDFFE_PP0P_/CLK (sky130_fd_sc_hd__dfxtp_1)
  -0.09   10.91   library setup time
          10.91   data required time
---------------------------------------------------------
          10.91   data required time
          -4.75   data arrival time
---------------------------------------------------------
           6.16   slack (MET)



==========================================================================
detailed place report_checks -path_delay min reg to reg
--------------------------------------------------------------------------
Startpoint: core.CPU_reset_a2$_DFF_P_
            (rising edge-triggered flip-flop clocked by clk)
Endpoint: core.CPU_reset_a3$_DFF_P_
          (rising edge-triggered flip-flop clocked by clk)
Path Group: clk
Path Type: min

  Delay    Time   Description
---------------------------------------------------------
   0.00    0.00   clock clk (rise edge)
   0.00    0.00   clock network delay (ideal)
   0.00    0.00 ^ core.CPU_reset_a2$_DFF_P_/CLK (sky130_fd_sc_hd__dfxtp_1)
   0.28    0.28 ^ core.CPU_reset_a2$_DFF_P_/Q (sky130_fd_sc_hd__dfxtp_1)
   0.00    0.28 ^ core.CPU_reset_a3$_DFF_P_/D (sky130_fd_sc_hd__dfxtp_4)
           0.28   data arrival time

   0.00    0.00   clock clk (rise edge)
   0.00    0.00   clock network delay (ideal)
   0.00    0.00   clock reconvergence pessimism
           0.00 ^ core.CPU_reset_a3$_DFF_P_/CLK (sky130_fd_sc_hd__dfxtp_4)
  -0.03   -0.03   library hold time
          -0.03   data required time
---------------------------------------------------------
          -0.03   data required time
          -0.28   data arrival time
---------------------------------------------------------
           0.31   slack (MET)



==========================================================================
detailed place critical path target clock latency max path
--------------------------------------------------------------------------
0

==========================================================================
detailed place critical path target clock latency min path
--------------------------------------------------------------------------
0

==========================================================================
detailed place critical path source clock latency min path
--------------------------------------------------------------------------
0

==========================================================================
detailed place critical path delay
--------------------------------------------------------------------------
4.7493

==========================================================================
detailed place critical path slack
--------------------------------------------------------------------------
6.1595

==========================================================================
detailed place slack div critical path delay
--------------------------------------------------------------------------
129.692797

==========================================================================
detailed place report_power
--------------------------------------------------------------------------
Group                  Internal  Switching    Leakage      Total
                          Power      Power      Power      Power (Watts)
----------------------------------------------------------------
Sequential             4.46e-03   3.79e-04   9.27e-09   4.84e-03  64.1%
Combinational          8.46e-04   1.87e-03   9.66e-09   2.71e-03  35.9%
Clock                  0.00e+00   0.00e+00   0.00e+00   0.00e+00   0.0%
Macro                  0.00e+00   0.00e+00   0.00e+00   0.00e+00   0.0%
Pad                    0.00e+00   0.00e+00   0.00e+00   0.00e+00   0.0%
----------------------------------------------------------------
Total                  5.31e-03   2.25e-03   1.89e-08   7.55e-03 100.0%
                          70.3%      29.7%       0.0%
